"../../../Bns/Content/Maps/Arena01_BuiltData.uasset" 0
"../../../Bns/Content/Maps/Lobby_BuiltData.uasset" 1
"../../../Bns/Content/Mannequin/Character/Mesh/UE4_Mannequin_Skeleton.uasset" 2
"../../../Bns/Content/Mannequin/Animations/ThirdPersonJump_End.uasset" 3
"../../../Bns/Content/Npc/NewUserDefinedEnum.uasset" 4
"../../../Bns/Content/StarterContent/Materials/M_Basic_Wall.uasset" 5
"../../../Bns/Content/StarterContent/Architecture/Pillar_50x500.uasset" 6
"../../../Bns/Content/StarterContent/Architecture/Wall_400x300.uasset" 7
"../../../Bns/Content/StarterContent/Architecture/Wall_400x400.uasset" 8
"../../../Bns/Content/StarterContent/Architecture/Wall_500x500.uasset" 9
"../../../Bns/Content/StarterContent/Architecture/Wall_Door_400x400.uasset" 10
"../../../Bns/Content/StarterContent/Architecture/Wall_Window_400x400.uasset" 11
"../../../Bns/Content/StarterContent/Audio/Light01_Cue.uasset" 12
"../../../Bns/Content/StarterContent/Audio/Light02_Cue.uasset" 13
"../../../Bns/Content/StarterContent/Audio/Explosion_Cue.uasset" 14
"../../../Bns/Content/StarterContent/Textures/T_Burst_M.uasset" 15
"../../../Bns/Content/StarterContent/Particles/Materials/M_Burst.uasset" 16
"../../../Bns/Content/StarterContent/Textures/T_Explosion_SubUV.uasset" 17
"../../../Bns/Content/StarterContent/Particles/Materials/M_explosion_subUV.uasset" 18
"../../../Bns/Content/StarterContent/Particles/Materials/m_flare_01.uasset" 19
"../../../Engine/Content/Functions/Engine_MaterialFunctions01/Gradient/RadialGradient.uasset" 20
"../../../Bns/Content/StarterContent/Particles/Materials/M_radial_ramp.uasset" 21
"../../../Bns/Content/StarterContent/Textures/T_Smoke_SubUV.uasset" 22
"../../../Bns/Content/StarterContent/Textures/T_Smoke_Tiled_D.uasset" 23
"../../../Bns/Content/StarterContent/Particles/Materials/M_smoke_subUV.uasset" 24
"../../../Bns/Content/StarterContent/Particles/P_Explosion.uasset" 25
"../../../Bns/Content/StarterContent/Blueprints/Blueprint_Effect_Explosion.uasset" 26
"../../../Engine/Content/EditorMeshes/ColorCalibrator/T_ColorGrid.uasset" 27
"../../../Bns/Content/StarterContent/Materials/M_ColorGrid_LowSpec.uasset" 28
"../../../Bns/Content/StarterContent/Textures/T_Bush_D.uasset" 29
"../../../Bns/Content/StarterContent/Textures/T_Bush_N.uasset" 30
"../../../Bns/Content/StarterContent/Props/Materials/M_Bush.uasset" 31
"../../../Bns/Content/StarterContent/Props/SM_Bush.uasset" 32
"../../../Bns/Content/StarterContent/Textures/T_Chair_M.uasset" 33
"../../../Bns/Content/StarterContent/Textures/T_Chair_N.uasset" 34
"../../../Bns/Content/StarterContent/Props/Materials/M_Chair.uasset" 35
"../../../Bns/Content/StarterContent/Props/SM_Couch.uasset" 36
"../../../Bns/Content/StarterContent/Materials/M_Glass.uasset" 37
"../../../Bns/Content/StarterContent/Textures/T_Door_M.uasset" 38
"../../../Bns/Content/StarterContent/Textures/T_Door_N.uasset" 39
"../../../Bns/Content/StarterContent/Props/Materials/M_Door.uasset" 40
"../../../Bns/Content/StarterContent/Props/SM_Door.uasset" 41
"../../../Bns/Content/StarterContent/Props/Materials/M_MaterialSphere.uasset" 42
"../../../Bns/Content/StarterContent/Props/Materials/M_MaterialSphere_Plain.uasset" 43
"../../../Bns/Content/StarterContent/Props/SM_MatPreviewMesh_02.uasset" 44
"../../../Engine/Content/Functions/Engine_MaterialFunctions02/Utility/BlendAngleCorrectedNormals.uasset" 45
"../../../Bns/Content/StarterContent/Textures/T_Detail_Rocky_N.uasset" 46
"../../../Bns/Content/StarterContent/Textures/T_Rock_Basalt_D.uasset" 47
"../../../Bns/Content/StarterContent/Textures/T_RockMesh_M.uasset" 48
"../../../Bns/Content/StarterContent/Textures/T_RockMesh_N.uasset" 49
"../../../Bns/Content/StarterContent/Props/Materials/M_Rock.uasset" 50
"../../../Bns/Content/StarterContent/Props/SM_Rock.uasset" 51
"../../../Bns/Content/StarterContent/Textures/T_Shelf_M.uasset" 52
"../../../Bns/Content/StarterContent/Textures/T_Shelf_N.uasset" 53
"../../../Bns/Content/StarterContent/Props/Materials/M_Shelf.uasset" 54
"../../../Bns/Content/StarterContent/Props/SM_Shelf.uasset" 55
"../../../Bns/Content/StarterContent/Materials/M_Basic_Floor.uasset" 56
"../../../Bns/Content/StarterContent/Props/SM_Stairs.uasset" 57
"../../../Bns/Content/StarterContent/Shapes/Shape_Cone.uasset" 58
"../../../Bns/Content/StarterContent/Shapes/Shape_Cylinder.uasset" 59
"../../../Bns/Content/StarterContent/Shapes/Shape_NarrowCapsule.uasset" 60
"../../../Bns/Content/StarterContent/Shapes/Shape_Pipe.uasset" 61
"../../../Bns/Content/StarterContent/Shapes/Shape_Pipe_180.uasset" 62
"../../../Bns/Content/StarterContent/Shapes/Shape_Pipe_90.uasset" 63
"../../../Bns/Content/StarterContent/Shapes/Shape_Plane.uasset" 64
"../../../Bns/Content/StarterContent/Shapes/Shape_Torus.uasset" 65
"../../../Bns/Content/StarterContent/Shapes/Shape_Trim.uasset" 66
"../../../Bns/Content/StarterContent/Shapes/Shape_Trim_90_In.uasset" 67
"../../../Bns/Content/StarterContent/Shapes/Shape_Trim_90_Out.uasset" 68
"../../../Bns/Content/StarterContent/Shapes/Shape_TriPyramid.uasset" 69
"../../../Bns/Content/StarterContent/Shapes/Shape_Tube.uasset" 70
"../../../Bns/Content/StarterContent/Shapes/Shape_Wedge_A.uasset" 71
"../../../Bns/Content/StarterContent/Shapes/Shape_Wedge_B.uasset" 72
"../../../Bns/Content/StarterContent/Shapes/Shape_WideCapsule.uasset" 73
"../../../Bns/Content/ThirdPersonBP/Blueprints/ThirdPersonGameMode.uasset" 74
"../../../Bns/Content/Widget/AllLevels/ChatText.uasset" 75
"../../../Bns/Content/Widget/AllLevels/GameplayChat.uasset" 76
"../../../Bns/Content/Widget/MainMenu/ErrorDialog.uasset" 77
"../../../Engine/Content/Functions/Engine_MaterialFunctions01/Opacity/CameraDepthFade.uasset" 78
"../../../Engine/Content/EngineMaterials/T_Default_Material_Grid_M.uasset" 79
"../../../Engine/Content/EngineMaterials/T_Default_Material_Grid_N.uasset" 80
"../../../Engine/Content/EngineMaterials/DefaultMaterial.uasset" 81
"../../../Engine/Content/BasicShapes/Cone.uasset" 82
"../../../Engine/Content/EngineMaterials/WorldGridMaterial.uasset" 83
"../../../Engine/Content/BasicShapes/Plane.uasset" 84
"../../../Engine/Content/BasicShapes/Sphere.uasset" 85
"../../../Engine/Content/EditorLandscapeResources/DataLayer.uasset" 86
"../../../Engine/Content/EditorMaterials/GizmoMaterial.uasset" 87
"../../../Engine/Content/EditorMaterials/MAT_Groups_Toggle.uasset" 88
"../../../Engine/Content/EditorMaterials/MAT_Groups_Visibility.uasset" 89
"../../../Engine/Content/EditorMaterials/PreviewShadowIndicator.uasset" 90
"../../../Engine/Content/EditorMaterials/PreviewShadowIndicatorMaterial.uasset" 91
"../../../Engine/Content/EditorMaterials/MatineeGroups/MAT_ColorTrack.uasset" 92
"../../../Engine/Content/EditorMaterials/MatineeGroups/MAT_Groups_Anim.uasset" 93
"../../../Engine/Content/EditorMaterials/MatineeGroups/MAT_Groups_AudioMaster.uasset" 94
"../../../Engine/Content/EditorMaterials/MatineeGroups/MAT_Groups_Director.uasset" 95
"../../../Engine/Content/EditorMaterials/MatineeGroups/MAT_Groups_Event.uasset" 96
"../../../Engine/Content/EditorMaterials/MatineeGroups/MAT_Groups_Fade.uasset" 97
"../../../Engine/Content/EditorMaterials/MatineeGroups/MAT_Groups_Float.uasset" 98
"../../../Engine/Content/EditorMaterials/MatineeGroups/MAT_Groups_Move.uasset" 99
"../../../Engine/Content/EditorMaterials/MatineeGroups/MAT_Groups_Slomo.uasset" 100
"../../../Engine/Content/EditorMaterials/MatineeGroups/MAT_Groups_Sound.uasset" 101
"../../../Engine/Content/EditorMaterials/MatineeGroups/MAT_Groups_Vector.uasset" 102
"../../../Engine/Content/EditorMaterials/ParticleSystems/PSysThumbnail_NoImage.uasset" 103
"../../../Engine/Content/EditorMaterials/ParticleSystems/PSysThumbnail_OOD.uasset" 104
"../../../Engine/Content/EditorMaterials/Camera/CineMat.uasset" 105
"../../../Engine/Content/EditorMaterials/Camera/MI_CineMat_Rig.uasset" 106
"../../../Engine/Content/EditorMeshes/Camera/SM_CraneRig_Arm.uasset" 107
"../../../Engine/Content/EditorMeshes/Camera/SM_CraneRig_Base.uasset" 108
"../../../Engine/Content/EditorMeshes/Camera/SM_CraneRig_Body.uasset" 109
"../../../Engine/Content/EditorMeshes/Camera/SM_CraneRig_Mount.uasset" 110
"../../../Engine/Content/EditorMeshes/Camera/SM_RailRig_Mount.uasset" 111
"../../../Engine/Content/EditorMeshes/Camera/SM_RailRig_Track.uasset" 112
"../../../Engine/Content/EditorResources/BSPVertex.uasset" 113
"../../../Engine/Content/EditorResources/EmptyActor.uasset" 114
"../../../Engine/Content/EditorResources/S_Actor.uasset" 115
"../../../Engine/Content/EditorResources/S_Trigger.uasset" 116
"../../../Engine/Content/EditorResources/AudioIcons/S_AudioComponent.uasset" 117
"../../../Engine/Content/EditorResources/AudioIcons/S_AudioComponent_AutoActivate.uasset" 118
"../../../Engine/Content/EditorResources/LightIcons/S_LightError.uasset" 119
"../../../Engine/Content/EditorResources/SequenceRecorder/Countdown.uasset" 120
"../../../Engine/Content/EditorResources/SequenceRecorder/RecordingIndicator.uasset" 121
"../../../Engine/Content/EditorSounds/Notifications/CompileFailed.uasset" 122
"../../../Engine/Content/EditorSounds/Notifications/CompileFailed_Cue.uasset" 123
"../../../Engine/Content/EditorSounds/Notifications/CompileSuccess.uasset" 124
"../../../Engine/Content/EditorSounds/Notifications/CompileStart_Cue.uasset" 125
"../../../Engine/Content/EditorSounds/Notifications/CompileSuccess_Cue.uasset" 126
"../../../Engine/Content/EngineDamageTypes/DmgTypeBP_Environmental.uasset" 127
"../../../Engine/Content/EngineDebugMaterials/HeatmapGradient.uasset" 128
"../../../Engine/Content/EngineDebugMaterials/BoneWeightMaterial.uasset" 129
"../../../Engine/Content/EngineDebugMaterials/ClothMaterial.uasset" 130
"../../../Engine/Content/EngineDebugMaterials/ClothMaterial_WF.uasset" 131
"../../../Engine/Content/EngineDebugMaterials/DebugEditorMaterial.uasset" 132
"../../../Engine/Content/EngineDebugMaterials/DebugMeshMaterial.uasset" 133
"../../../Engine/Content/EngineDebugMaterials/GeomMaterial.uasset" 134
"../../../Engine/Content/EngineFonts/Faces/RobotoBold.uasset" 135
"../../../Engine/Content/EngineFonts/Faces/RobotoBoldItalic.uasset" 136
"../../../Engine/Content/EngineFonts/Faces/RobotoItalic.uasset" 137
"../../../Engine/Content/EngineFonts/Faces/RobotoLight.uasset" 138
"../../../Engine/Content/EngineFonts/Faces/RobotoRegular.uasset" 139
"../../../Engine/Content/EngineFonts/Roboto.uasset" 140
"../../../Engine/Content/EngineFonts/Faces/RobotoTiny.uasset" 141
"../../../Engine/Content/EngineFonts/RobotoTiny.uasset" 142
"../../../Engine/Content/EngineMaterials/DefaultBloomKernel.uasset" 143
"../../../Engine/Content/EngineMaterials/DefaultBokeh.uasset" 144
"../../../Engine/Content/EngineMaterials/DefaultDiffuse.uasset" 145
"../../../Engine/Content/EngineMaterials/DefaultDeferredDecalMaterial.uasset" 146
"../../../Engine/Content/EngineMaterials/DefaultLightFunctionMaterial.uasset" 147
"../../../Engine/Content/EngineMaterials/DefaultPhysicalMaterial.uasset" 148
"../../../Engine/Content/Functions/Engine_MaterialFunctions02/Utility/BreakOutFloat2Components.uasset" 149
"../../../Engine/Content/EngineMaterials/DefaultPostProcessMaterial.uasset" 150
"../../../Engine/Content/EngineFonts/RobotoDistanceField.uasset" 151
"../../../Engine/Content/EngineMaterials/DefaultTextMaterialOpaque.uasset" 152
"../../../Engine/Content/EngineMaterials/DefaultWhiteGrid.uasset" 153
"../../../Engine/Content/EngineMaterials/EditorBrushMaterial.uasset" 154
"../../../Engine/Content/EngineMaterials/Good64x64TilingNoiseHighFreq.uasset" 155
"../../../Engine/Content/EngineMaterials/MiniFont.uasset" 156
"../../../Engine/Content/EngineMaterials/InvalidLightmapSettings.uasset" 157
"../../../Engine/Content/EngineMaterials/M_InvalidLightmapSettings.uasset" 158
"../../../Engine/Content/Functions/Engine_MaterialFunctions02/WorldPositionOffset/CameraOffset.uasset" 159
"../../../Engine/Content/EngineMaterials/PhAT_JointLimitMaterial.uasset" 160
"../../../Engine/Content/EngineMaterials/PreintegratedSkinBRDF.uasset" 161
"../../../Engine/Content/EngineMaterials/RemoveSurfaceMaterial.uasset" 162
"../../../Engine/Content/EngineMaterials/WeightMapPlaceholderTexture.uasset" 163
"../../../Engine/Content/EngineResources/WhiteSquareTexture.uasset" 164
"../../../Engine/Content/EngineMaterials/Widget3DPassThrough.uasset" 165
"../../../Engine/Content/EngineMaterials/Widget3DPassThrough_Masked.uasset" 166
"../../../Engine/Content/EngineMaterials/Widget3DPassThrough_Opaque.uasset" 167
"../../../Engine/Content/EngineMaterials/Widget3DPassThrough_Masked_OneSided.uasset" 168
"../../../Engine/Content/EngineMaterials/Widget3DPassThrough_Opaque_OneSided.uasset" 169
"../../../Engine/Content/EngineMaterials/Widget3DPassThrough_Translucent.uasset" 170
"../../../Engine/Content/EngineMaterials/Widget3DPassThrough_Translucent_OneSided.uasset" 171
"../../../Engine/Content/EngineMeshes/Cube.uasset" 172
"../../../Engine/Content/EngineMeshes/Cylinder.uasset" 173
"../../../Engine/Content/EngineMeshes/Sphere.uasset" 174
"../../../Engine/Content/EngineResources/Black.uasset" 175
"../../../Engine/Content/EngineResources/DefaultTexture.uasset" 176
"../../../Engine/Content/EngineResources/DefaultTextureCube.uasset" 177
"../../../Engine/Content/EngineResources/GradientTexture0.uasset" 178
"../../../Engine/Content/EngineSounds/Master.uasset" 179
"../../../Engine/Content/Functions/Engine_MaterialFunctions01/Shading/ConvertFromDiffSpec.uasset" 180
"../../../Engine/Content/Functions/Engine_MaterialFunctions01/Shading/PowerToRoughness.uasset" 181
"../../../Engine/Content/Maps/Templates/Thumbnails/Default.uasset" 182
"../../../Engine/Content/Maps/Templates/Thumbnails/VR-Basic.uasset" 183
"../../../Engine/Content/MobileResources/T_MobileControls_texture.uasset" 184
"../../../Engine/Content/MobileResources/T_MobileMenu2.uasset" 185
"../../../Engine/Content/MobileResources/HUD/AnalogHat.uasset" 186
"../../../Engine/Content/MobileResources/HUD/VirtualJoystick_Background.uasset" 187
"../../../Engine/Content/MobileResources/HUD/VirtualJoystick_Thumb.uasset" 188
"../../../Engine/Content/MobileResources/HUD/DefaultVirtualJoysticks.uasset" 189
"../../../Engine/Content/MobileResources/HUD/LeftVirtualJoystickOnly.uasset" 190
"../../../Engine/Content/MobileResources/HUD/MobileHUDButton1_off.uasset" 191
"../../../Engine/Content/MobileResources/HUD/MobileHUDButton1_on.uasset" 192
"../../../Engine/Content/MobileResources/HUD/MobileHUDButton2_off.uasset" 193
"../../../Engine/Content/MobileResources/HUD/MobileHUDButton2_on.uasset" 194
"../../../Engine/Content/MobileResources/HUD/MobileHUDButton3.uasset" 195
"../../../Engine/Content/MobileResources/HUD/MobileHUDButtonFire.uasset" 196
"../../../Engine/Content/MobileResources/HUD/MobileHUDDirectionPad.uasset" 197
"../../../Engine/Content/MobileResources/HUD/MobileHUDDirectionPad2.uasset" 198
"../../../Engine/Content/MobileResources/HUD/MobileHUDDirectionPad3.uasset" 199
"../../../Engine/Content/MobileResources/HUD/MobileHUDDirectionStick.uasset" 200
"../../../Engine/Content/MobileResources/HUD/T_Castle_ThumbstickInner.uasset" 201
"../../../Engine/Content/MobileResources/HUD/T_Castle_ThumbstickOutter.uasset" 202
"../../../Engine/Content/Tutorial/ContentIntroCurve.uasset" 203
"../../../Engine/Content/Tutorial/Basics/TutorialAssets/icon_tab_Levels_40x.uasset" 204
"../../../Engine/Content/Tutorial/BlueprintTutorials/TutorialAssets/BlueprintInterface_64x.uasset" 205
"../../../Engine/Content/Tutorial/BlueprintTutorials/TutorialAssets/BlueprintMacroLibrary_64x.uasset" 206
"../../../Engine/Content/Tutorial/BlueprintTutorials/TutorialAssets/Blueprint_64x.uasset" 207
"../../../Engine/Content/Tutorial/BlueprintTutorials/TutorialAssets/Tutorial_BP_Interface.uasset" 208
"../../../Engine/Content/Tutorial/Foliage/TutorialAssets/Foliage.uasset" 209
"../../../Engine/Content/Tutorial/Landscape/TutorialAssets/Landscape.uasset" 210
"../../../Engine/Content/Tutorial/Paper2D/TutorialAssets/Paper2DFlipbook_TutorialIcon.uasset" 211
"../../../Engine/Content/Tutorial/Paper2D/TutorialAssets/Paper2DSprite_TutorialIcon.uasset" 212
"../../../Engine/Content/Tutorial/SubEditors/TutorialAssets/icon_Editor_Preferences_General_40x.uasset" 213
"../../../Engine/Content/Tutorial/SubEditors/TutorialAssets/icon_ShowSkeletalMeshes_40x.uasset" 214
"../../../Engine/Content/Tutorial/SubEditors/TutorialAssets/TutorialMaterial.uasset" 215
"../../../Engine/Content/Tutorial/SubEditors/TutorialAssets/T_SmokeSubUV_8X8.uasset" 216
"../../../Engine/Content/Tutorial/SubEditors/TutorialAssets/T_soft_smoke.uasset" 217
"../../../Engine/Content/Tutorial/SubEditors/TutorialAssets/M_smoke_subUV_blackbody.uasset" 218
"../../../Engine/Content/Tutorial/SubEditors/TutorialAssets/TutorialParticleSystem.uasset" 219
"../../../Engine/Content/VREditor/Devices/Generic/GenericHMDMaterial.uasset" 220
"../../../Engine/Content/VREditor/Devices/Generic/GenericHMD.uasset" 221
"../../../Engine/Content/VREditor/FloatingText/LineMaterial.uasset" 222
"../../../Engine/Content/VREditor/FloatingText/JointSphere.uasset" 223
"../../../Engine/Content/VREditor/FloatingText/LineSegmentCylinder.uasset" 224
"../../../Engine/Content/VREditor/Fonts/VRText_RobotoLarge.uasset" 225
"../../../Engine/Content/VREditor/Fonts/VRTextMaterial.uasset" 226
"../../../Engine/Content/VREditor/Fonts/TranslucentVRTextMaterial.uasset" 227
"../../../Engine/Content/VREditor/LaserPointer/CursorPointer.uasset" 228
"../../../Engine/Content/VREditor/LaserPointer/VR_LaserPower_01.uasset" 229
"../../../Engine/Content/VREditor/TransformGizmo/TransformGizmoMaterial.uasset" 230
"../../../Engine/Content/VREditor/LaserPointer/HoverMaterial.uasset" 231
"../../../Engine/Content/VREditor/TransformGizmo/TranslucentTransformGizmoMaterial.uasset" 232
"../../../Engine/Content/VREditor/LaserPointer/TranslucentHoverMaterial.uasset" 233
"../../../Engine/Content/VREditor/LaserPointer/HoverMesh.uasset" 234
"../../../Engine/Content/VREditor/LaserPointer/LaserPointerMaterial.uasset" 235
"../../../Engine/Content/VREditor/LaserPointer/LaserPointerMaterialInst.uasset" 236
"../../../Engine/Content/VREditor/LaserPointer/TranslucentLaserPointerMaterialInst.uasset" 237
"../../../Engine/Content/VREditor/LaserPointer/LaserPointerMesh.uasset" 238
"../../../Engine/Content/VREditor/LaserPointer/LaserPointerMesh_End.uasset" 239
"../../../Engine/Content/VREditor/LaserPointer/LaserPointerMesh_Start.uasset" 240
"../../../Engine/Content/Functions/Engine_MaterialFunctions02/Utility/BreakOutFloat3Components.uasset" 241
"../../../Engine/Content/Functions/Engine_MaterialFunctions02/Math/Transform3x3Matrix.uasset" 242
"../../../Engine/Content/Functions/Engine_MaterialFunctions02/SplitComponents.uasset" 243
"../../../Engine/Content/Functions/Engine_MaterialFunctions02/Utility/MakeFloat3.uasset" 244
"../../../Engine/Content/VREditor/SnapGrid/SnapGridMaterial.uasset" 245
"../../../Engine/Content/VREditor/SnapGrid/SnapGridPlaneMesh.uasset" 246
"../../../Engine/Content/VREditor/Sounds/VR_teleport.uasset" 247
"../../../Engine/Content/VREditor/Sounds/UI/Click_on_Button_Cue.uasset" 248
"../../../Engine/Content/VREditor/Sounds/UI/Dockable_Window_Close.uasset" 249
"../../../Engine/Content/VREditor/Sounds/UI/Dockable_Window_Drop.uasset" 250
"../../../Engine/Content/VREditor/Sounds/UI/Dockable_Window_Open.uasset" 251
"../../../Engine/Content/VREditor/Sounds/UI/Dockable_Window_Pick_Up.uasset" 252
"../../../Engine/Content/VREditor/Sounds/UI/Drop_Item_From_ContentBrowser.uasset" 253
"../../../Engine/Content/VREditor/Sounds/UI/Floating_UI_Open-001.uasset" 254
"../../../Engine/Content/VREditor/Sounds/UI/Gizmo_Handle_Clicked.uasset" 255
"../../../Engine/Content/VREditor/Sounds/UI/Object_PickUp.uasset" 256
"../../../Engine/Content/VREditor/Sounds/UI/Object_Snaps_To_Another_Actor.uasset" 257
"../../../Engine/Content/VREditor/Sounds/UI/Object_Snaps_To_Grid.uasset" 258
"../../../Engine/Content/VREditor/Sounds/UI/Radial_Menu_FadeOut.uasset" 259
"../../../Engine/Content/VREditor/Sounds/UI/Scaling_Down.uasset" 260
"../../../Engine/Content/VREditor/Sounds/UI/Scaling_Up.uasset" 261
"../../../Engine/Content/VREditor/Sounds/UI/Selection_Changes.uasset" 262
"../../../Engine/Content/VREditor/Sounds/UI/Teleport_Mode_Entered.uasset" 263
"../../../Engine/Content/VREditor/Teleport/TeleportDirectionMaterial.uasset" 264
"../../../Engine/Content/VREditor/Teleport/TeleportDirectionMaterial_Inst.uasset" 265
"../../../Engine/Content/VREditor/Teleport/TeleportDirectionMesh.uasset" 266
"../../../Engine/Content/VREditor/TransformGizmo/BoundingBoxCorner.uasset" 267
"../../../Engine/Content/VREditor/TransformGizmo/BoundingBoxEdge.uasset" 268
"../../../Engine/Content/VREditor/TransformGizmo/PlaneTranslationHandle.uasset" 269
"../../../Engine/Content/VREditor/TransformGizmo/RotationHandleFull.uasset" 270
"../../../Engine/Content/VREditor/TransformGizmo/RotationHandleIndicator.uasset" 271
"../../../Engine/Content/VREditor/TransformGizmo/RotationHandleQuarter.uasset" 272
"../../../Engine/Content/VREditor/TransformGizmo/Main.uasset" 273
"../../../Engine/Content/VREditor/TransformGizmo/Xray.uasset" 274
"../../../Engine/Content/VREditor/TransformGizmo/SM_Dialog_Close.uasset" 275
"../../../Engine/Content/VREditor/TransformGizmo/SM_Dialog_Move.uasset" 276
"../../../Engine/Content/VREditor/TransformGizmo/SM_Sequencer_Key.uasset" 277
"../../../Engine/Content/VREditor/TransformGizmo/SM_Sequencer_Node.uasset" 278
"../../../Engine/Content/VREditor/TransformGizmo/StartRotationHandleIndicator.uasset" 279
"../../../Engine/Content/VREditor/TransformGizmo/TranslucentTransformGizmoMaterial_Inst.uasset" 280
"../../../Engine/Content/VREditor/TransformGizmo/TransformGizmoFreeRotation.uasset" 281
"../../../Engine/Content/VREditor/TransformGizmo/TransformGizmoMaterial_Inst.uasset" 282
"../../../Engine/Content/VREditor/TransformGizmo/TranslateArrowHandle.uasset" 283
"../../../Engine/Content/VREditor/TransformGizmo/UniformScaleHandle.uasset" 284
"../../../Engine/Content/VREditor/UI/KeyDiskMaterial.uasset" 285
"../../../Engine/Content/VREditor/UI/DiscMaterial.uasset" 286
"../../../Engine/Content/VREditor/UI/SM_Radial_Disk.uasset" 287
"../../../Engine/Content/VREditor/WorldMovementGrid/SimpleGrid.uasset" 288
"../../../Engine/Content/VREditor/WorldMovementGrid/GridMaterial.uasset" 289
"../../../Engine/Content/Functions/Engine_MaterialFunctions01/Density/ExponentialDensity.uasset" 290
"../../../Engine/Content/VREditor/WorldMovementGrid/GridPostProcess.uasset" 291
"../../../Engine/Content/EditorLandscapeResources/FlattenHeightMat.uasset" 292
"../../../Engine/Content/VREditor/WorldMovementGrid/PlaneMesh.uasset" 293
"../../../Engine/Plugins/2D/Paper2D/Content/PlaceholderTextures/DummySpriteTexture.uasset" 294
"../../../Engine/Plugins/2D/Paper2D/Content/DummySprite.uasset" 295
"../../../Engine/Plugins/2D/Paper2D/Content/DefaultPaperTerrainMaterial.uasset" 296
"../../../Engine/Plugins/2D/Paper2D/Content/DefaultSpriteMaterial.uasset" 297
"../../../Engine/Plugins/2D/Paper2D/Content/MaskedUnlitSpriteMaterial.uasset" 298
"../../../Engine/Plugins/2D/Paper2D/Content/OpaqueUnlitSpriteMaterial.uasset" 299
"../../../Engine/Plugins/Media/MediaCompositing/Content/DefaultMediaPlaneMaterial.uasset" 300
"../../../Engine/Content/Functions/Engine_MaterialFunctions02/Utility/MakeFloat4.uasset" 301
"../../../Engine/Plugins/Runtime/AppleARKit/Content/ARKitCameraMaterial.uasset" 302
"../../../Engine/Plugins/Runtime/Oculus/OculusVR/Content/Textures/GearVRController_AO.uasset" 303
"../../../Engine/Plugins/Runtime/Oculus/OculusVR/Content/Textures/GearVRController_Color.uasset" 304
"../../../Engine/Plugins/Runtime/Oculus/OculusVR/Content/Textures/GearVRController_Normal.uasset" 305
"../../../Engine/Plugins/Runtime/Oculus/OculusVR/Content/Materials/GearVRControllerMaterial.uasset" 306
"../../../Engine/Plugins/Runtime/Oculus/OculusVR/Content/Meshes/GearVrController.uasset" 307
"../../../Bns/Content/Blueprints/Actor/StartPoint.uasset" 308
"../../../Engine/Content/EditorBlueprintResources/StandardMacros.uasset" 309
"../../../Engine/Content/EngineSky/C_Sky_Cloud_Color.uasset" 310
"../../../Engine/Content/EngineSky/C_Sky_Horizon_Color.uasset" 311
"../../../Engine/Content/EngineSky/C_Sky_Zenith_Color.uasset" 312
"../../../Engine/Content/EngineSky/T_Sky_Blue.uasset" 313
"../../../Engine/Content/EngineSky/T_Sky_Clouds_M.uasset" 314
"../../../Engine/Content/EngineSky/T_Sky_Stars.uasset" 315
"../../../Engine/Content/EngineSky/M_Sky_Panning_Clouds2.uasset" 316
"../../../Engine/Content/EngineSky/SM_SkySphere.uasset" 317
"../../../Engine/Content/EngineSky/BP_Sky_Sphere.uasset" 318
"../../../Engine/Content/EditorBlueprintResources/ActorMacros.uasset" 319
"../../../Bns/Content/Mannequin/Animations/ThirdPerson_Jump.uasset" 320
"../../../Bns/Content/Mannequin/Animations/ThirdPersonJump_Loop.uasset" 321
"../../../Bns/Content/Mannequin/Animations/ThirdPersonJump_Start.uasset" 322
"../../../Bns/Content/Mannequin/Animations/ThirdPersonIdle.uasset" 323
"../../../Bns/Content/Mannequin/Animations/ThirdPersonRun.uasset" 324
"../../../Bns/Content/Mannequin/Animations/ThirdPersonWalk.uasset" 325
"../../../Bns/Content/Mannequin/Animations/ThirdPerson_IdleRun_2D.uasset" 326
"../../../Bns/Content/Mannequin/Animations/ThirdPerson_AnimBP.uasset" 327
"../../../Bns/Content/Blueprints/Characters/StatCharacter.uasset" 328
"../../../Bns/Content/Blueprints/Gameplay/ArenaGameState.uasset" 329
"../../../Bns/Content/Geometry/Meshes/CubeMaterial.uasset" 330
"../../../Bns/Content/Geometry/Meshes/1M_Cube.uasset" 331
"../../../Bns/Content/Widget/TargetTex.uasset" 332
"../../../Bns/Content/Widget/TargetOnActor.uasset" 333
"../../../Bns/Content/Npc/Npc_Master_BP.uasset" 334
"../../../Bns/Content/Widget/UI/UI_Game.uasset" 335
"../../../Engine/Content/Functions/MaterialLayerFunctions/MatLayerBlend_NormalBlend.uasset" 336
"../../../Engine/Content/Functions/MaterialLayerFunctions/MatLayerBlend_Simple.uasset" 337
"../../../Bns/Content/Mannequin/Character/Materials/MaterialLayers/T_ML_Rubber_Blue_01_D.uasset" 338
"../../../Bns/Content/Mannequin/Character/Materials/MaterialLayers/T_ML_Rubber_Blue_01_N.uasset" 339
"../../../Bns/Content/Mannequin/Character/Materials/MaterialLayers/ML_GlossyBlack_Latex_UE4.uasset" 340
"../../../Bns/Content/Mannequin/Character/Materials/MaterialLayers/ML_Plastic_Shiny_Beige.uasset" 341
"../../../Bns/Content/Mannequin/Character/Textures/UE4_LOGO_CARD.uasset" 342
"../../../Bns/Content/Mannequin/Character/Materials/MaterialLayers/ML_Plastic_Shiny_Beige_LOGO.uasset" 343
"../../../Bns/Content/Mannequin/Character/Materials/MaterialLayers/T_ML_Aluminum01.uasset" 344
"../../../Bns/Content/Mannequin/Character/Materials/MaterialLayers/T_ML_Aluminum01_N.uasset" 345
"../../../Bns/Content/Mannequin/Character/Materials/MaterialLayers/ML_SoftMetal_UE4.uasset" 346
"../../../Bns/Content/Mannequin/Character/Textures/UE4_Mannequin__normals.uasset" 347
"../../../Bns/Content/Mannequin/Character/Textures/UE4_Mannequin_MAT_MASKA.uasset" 348
"../../../Bns/Content/Mannequin/Character/Materials/M_UE4Man_Body.uasset" 349
"../../../Bns/Content/Mannequin/Character/Textures/UE4Man_Logo_N.uasset" 350
"../../../Bns/Content/Mannequin/Character/Materials/M_UE4Man_ChestLogo.uasset" 351
"../../../Bns/Content/Mannequin/Character/Mesh/SK_Mannequin_PhysicsAsset.uasset" 352
"../../../Bns/Content/Mannequin/Character/Mesh/SK_Mannequin.uasset" 353
"../../../Bns/Content/Blueprints/Characters/Base_Character.uasset" 354
"../../../Bns/Content/Widget/Gameplay/Arena.uasset" 355
"../../../Bns/Content/Blueprints/Gameplay/GameplayPC.uasset" 356
"../../../Bns/Content/Blueprints/Gameplay/GameplayGM.uasset" 357
"../../../Engine/Content/BasicShapes/BasicShapeMaterial.uasset" 358
"../../../Engine/Content/BasicShapes/Cube.uasset" 359
"../../../Engine/Content/BasicShapes/Cylinder.uasset" 360
"../../../Bns/Content/Maps/Arena01.umap" 361
"../../../Bns/Content/Maps/Arena02.umap" 362
"../../../Bns/Content/Blueprints/AllLevels/PlayerInfo.uasset" 363
"../../../Bns/Content/Blueprints/AllLevels/PlayerSaveGame.uasset" 364
"../../../Bns/Content/StarterContent/Textures/T_Brick_Clay_New_M.uasset" 365
"../../../Bns/Content/StarterContent/Textures/T_Brick_Clay_Old_D.uasset" 366
"../../../Bns/Content/StarterContent/Textures/T_Brick_Hewn_Stone_N.uasset" 367
"../../../Bns/Content/StarterContent/Textures/T_Checker_Noise_M.uasset" 368
"../../../Bns/Content/Widget/MainMenu/OptionMenu.uasset" 369
"../../../Bns/Content/Widget/AllLevels/LoadingScreen.uasset" 370
"../../../Bns/Content/Widget/MainMenu/HostMenu.uasset" 371
"../../../Bns/Content/Widget/MainMenu/MainMenu.uasset" 372
"../../../Bns/Content/Widget/MainMenu/ServerMenu.uasset" 373
"../../../Bns/Content/Blueprints/AllLevels/GameInfoInstance.uasset" 374
"../../../Bns/Content/Blueprints/Characters/01_Character.uasset" 375
"../../../Bns/Content/Blueprints/Characters/02_Character.uasset" 376
"../../../Bns/Content/Blueprints/Characters/03_Character.uasset" 377
"../../../Bns/Content/Blueprints/Characters/04_Character.uasset" 378
"../../../Bns/Content/Blueprints/Characters/05_Character.uasset" 379
"../../../Bns/Content/Blueprints/Characters/06_Character.uasset" 380
"../../../Bns/Content/Blueprints/Characters/07_Character.uasset" 381
"../../../Bns/Content/Blueprints/Characters/08_Character_Child.uasset" 382
"../../../Bns/Content/StarterContent/Textures/T_Brick_Clay_Beveled_D.uasset" 383
"../../../Bns/Content/StarterContent/Textures/T_Brick_Clay_Beveled_M.uasset" 384
"../../../Bns/Content/StarterContent/Textures/T_Brick_Clay_Beveled_N.uasset" 385
"../../../Bns/Content/StarterContent/Textures/T_Brick_Clay_New_D.uasset" 386
"../../../Bns/Content/StarterContent/Textures/T_Brick_Clay_New_N.uasset" 387
"../../../Bns/Content/StarterContent/Textures/T_Brick_Cut_Stone_D.uasset" 388
"../../../Bns/Content/Widget/Lobby/CharacterSelect.uasset" 389
"../../../Bns/Content/Widget/AllLevels/ChatWindow.uasset" 390
"../../../Bns/Content/Widget/Lobby/ConnectedPlayer.uasset" 391
"../../../Bns/Content/Widget/Lobby/PlayerButton.uasset" 392
"../../../Bns/Content/Widget/Lobby/GameSettings.uasset" 393
"../../../Bns/Content/Widget/Lobby/LobbyMenu.uasset" 394
"../../../Bns/Content/Blueprints/Lobby/LobbyPC.uasset" 395
"../../../Bns/Content/Blueprints/Lobby/LobbyGM.uasset" 396
"../../../Engine/Content/MapTemplates/SM_Template_Map_Floor.uasset" 397
"../../../Bns/Content/Maps/Lobby.umap" 398
"../../../Bns/Content/Blueprints/AllLevels/GameStateMainMenu.uasset" 399
"../../../Bns/Content/Blueprints/AllLevels/MainMenu_GM.uasset" 400
"../../../Bns/Content/Maps/MainMenu.umap" 401
"../../../Bns/Content/Maps/TravelMap.umap" 402
"../../../Bns/Content/StarterContent/Blueprints/Assets/FogBrightnessLUT.uasset" 403
"../../../Bns/Content/StarterContent/Blueprints/Assets/SunlightColorLUT.uasset" 404
"../../../Bns/Content/StarterContent/Blueprints/Assets/M_LightStage_Arrows.uasset" 405
"../../../Engine/Content/MapTemplates/Sky/DaylightAmbientCubemap.uasset" 406
"../../../Bns/Content/StarterContent/Blueprints/Assets/M_LightStage_Skybox_Master.uasset" 407
"../../../Bns/Content/StarterContent/Blueprints/Assets/M_LightStage_Skybox_Black.uasset" 408
"../../../Bns/Content/StarterContent/Blueprints/Assets/M_LightStage_Skybox_HDRI.uasset" 409
"../../../Engine/Content/EditorMaterials/Thumbnails/SkySphereMaterial.uasset" 410
"../../../Bns/Content/StarterContent/Blueprints/Assets/Skybox.uasset" 411
"../../../Bns/Content/StarterContent/Blueprints/Assets/SM_Arrows.uasset" 412
"../../../Bns/Content/StarterContent/HDRI/HDRI_Epic_Courtyard_Daylight.uasset" 413
"../../../Bns/Content/StarterContent/Blueprints/BP_LightStudio.uasset" 414
"../../../Bns/Content/StarterContent/Maps/Advanced_Lighting_BuiltData.uasset" 415
"../../../Bns/Content/StarterContent/Materials/M_AssetPlatform.uasset" 416
"../../../Engine/Content/EditorMeshes/ColorCalibrator/M_ChromeBall.uasset" 417
"../../../Engine/Content/EditorMeshes/ColorCalibrator/M_ClearCoat.uasset" 418
"../../../Engine/Content/EditorMeshes/ColorCalibrator/M_ClearCoatBlack.uasset" 419
"../../../Engine/Content/EditorMeshes/ColorCalibrator/Color_checker.uasset" 420
"../../../Engine/Content/EditorMeshes/ColorCalibrator/M_ColorGrid.uasset" 421
"../../../Engine/Content/EditorMeshes/ColorCalibrator/M_GreyBall.uasset" 422
"../../../Engine/Content/EditorMeshes/ColorCalibrator/SM_ColorCalibrator.uasset" 423
"../../../Bns/Content/StarterContent/Architecture/SM_AssetPlatform.uasset" 424
"../../../Bns/Content/StarterContent/Maps/Advanced_Lighting.umap" 425
"../../../Bns/Content/StarterContent/Maps/Minimal_Default_BuiltData.uasset" 426
"../../../Bns/Content/StarterContent/Textures/T_MacroVariation.uasset" 427
"../../../Bns/Content/StarterContent/Materials/M_Metal_Brushed_Nickel.uasset" 428
"../../../Bns/Content/StarterContent/Textures/T_Metal_Aluminum_D.uasset" 429
"../../../Bns/Content/StarterContent/Textures/T_Metal_Gold_N.uasset" 430
"../../../Bns/Content/StarterContent/Materials/M_Metal_Burnished_Steel.uasset" 431
"../../../Bns/Content/StarterContent/Textures/T_Metal_Copper_D.uasset" 432
"../../../Bns/Content/StarterContent/Materials/M_Metal_Copper.uasset" 433
"../../../Bns/Content/StarterContent/Textures/T_Statue_M.uasset" 434
"../../../Bns/Content/StarterContent/Textures/T_Statue_N.uasset" 435
"../../../Bns/Content/StarterContent/Props/Materials/M_StatueGlass.uasset" 436
"../../../Bns/Content/StarterContent/Architecture/Floor_400x400.uasset" 437
"../../../Bns/Content/StarterContent/Audio/Starter_Background_Cue.uasset" 438
"../../../Bns/Content/StarterContent/Props/SM_Chair.uasset" 439
"../../../Bns/Content/StarterContent/Props/Materials/M_Statue.uasset" 440
"../../../Bns/Content/StarterContent/Props/SM_Statue.uasset" 441
"../../../Bns/Content/StarterContent/Textures/T_TableRound_M.uasset" 442
"../../../Bns/Content/StarterContent/Textures/T_TableRound_N.uasset" 443
"../../../Bns/Content/StarterContent/Props/Materials/M_TableRound.uasset" 444
"../../../Bns/Content/StarterContent/Props/SM_TableRound.uasset" 445
"../../../Bns/Content/StarterContent/Maps/Minimal_Default.umap" 446
"../../../Bns/Content/StarterContent/Audio/Fire01_Cue.uasset" 447
"../../../Bns/Content/StarterContent/Textures/T_Fire_SubUV.uasset" 448
"../../../Bns/Content/StarterContent/Textures/T_Fire_Tiled_D.uasset" 449
"../../../Bns/Content/StarterContent/Particles/Materials/M_Fire_SubUV.uasset" 450
"../../../Bns/Content/StarterContent/Textures/T_Water_N.uasset" 451
"../../../Bns/Content/StarterContent/Particles/Materials/M_Heat_Distortion.uasset" 452
"../../../Bns/Content/StarterContent/Particles/Materials/M_Radial_Gradient.uasset" 453
"../../../Bns/Content/StarterContent/Particles/P_Fire.uasset" 454
"../../../Bns/Content/StarterContent/Blueprints/Blueprint_Effect_Fire.uasset" 455
"../../../Bns/Content/StarterContent/Audio/Smoke01_Cue.uasset" 456
"../../../Bns/Content/StarterContent/Particles/P_Smoke.uasset" 457
"../../../Bns/Content/StarterContent/Blueprints/Blueprint_Effect_Smoke.uasset" 458
"../../../Bns/Content/StarterContent/Audio/Fire_Sparks01_Cue.uasset" 459
"../../../Bns/Content/StarterContent/Textures/T_Spark_Core.uasset" 460
"../../../Bns/Content/StarterContent/Particles/Materials/M_Spark.uasset" 461
"../../../Bns/Content/StarterContent/Particles/P_Sparks.uasset" 462
"../../../Bns/Content/StarterContent/Blueprints/Blueprint_Effect_Sparks.uasset" 463
"../../../Bns/Content/StarterContent/Audio/Steam01_Cue.uasset" 464
"../../../Bns/Content/StarterContent/Particles/P_Steam_Lit.uasset" 465
"../../../Bns/Content/StarterContent/Blueprints/Blueprint_Effect_Steam.uasset" 466
"../../../Bns/Content/StarterContent/Textures/T_Lamp_M.uasset" 467
"../../../Bns/Content/StarterContent/Textures/T_Lamp_N.uasset" 468
"../../../Bns/Content/StarterContent/Props/Materials/M_Lamp.uasset" 469
"../../../Bns/Content/StarterContent/Props/SM_Lamp_Ceiling.uasset" 470
"../../../Bns/Content/StarterContent/Blueprints/Blueprint_CeilingLight.uasset" 471
"../../../Bns/Content/StarterContent/Props/SM_Lamp_Wall.uasset" 472
"../../../Bns/Content/StarterContent/Blueprints/Blueprint_WallSconce.uasset" 473
"../../../Bns/Content/StarterContent/Maps/StarterMap_BuiltData.uasset" 474
"../../../Engine/Content/Functions/Engine_MaterialFunctions03/Procedurals/ComputeFilterWidth.uasset" 475
"../../../Engine/Content/EngineMaterials/AntiAliasedTextMaterialTranslucent.uasset" 476
"../../../Bns/Content/StarterContent/Materials/M_Brick_Clay_Beveled.uasset" 477
"../../../Bns/Content/StarterContent/Materials/M_Brick_Clay_New.uasset" 478
"../../../Bns/Content/StarterContent/Textures/T_Brick_Clay_Old_N.uasset" 479
"../../../Bns/Content/StarterContent/Textures/T_Perlin_Noise_M.uasset" 480
"../../../Bns/Content/StarterContent/Materials/M_Brick_Clay_Old.uasset" 481
"../../../Bns/Content/StarterContent/Textures/T_Brick_Cut_Stone_N.uasset" 482
"../../../Bns/Content/StarterContent/Materials/M_Brick_Cut_Stone.uasset" 483
"../../../Bns/Content/StarterContent/Textures/T_Brick_Hewn_Stone_D.uasset" 484
"../../../Bns/Content/StarterContent/Textures/T_Brick_Hewn_Stone_M.uasset" 485
"../../../Bns/Content/StarterContent/Materials/M_Brick_Hewn_Stone.uasset" 486
"../../../Bns/Content/StarterContent/Textures/T_Ceramic_Tile_M.uasset" 487
"../../../Bns/Content/StarterContent/Textures/T_Ceramic_Tile_N.uasset" 488
"../../../Bns/Content/StarterContent/Textures/T_Rock_Marble_Polished_D.uasset" 489
"../../../Bns/Content/StarterContent/Materials/M_Ceramic_Tile_Checker.uasset" 490
"../../../Bns/Content/StarterContent/Textures/T_CobbleStone_Pebble_D.uasset" 491
"../../../Bns/Content/StarterContent/Textures/T_CobbleStone_Pebble_M.uasset" 492
"../../../Bns/Content/StarterContent/Textures/T_CobbleStone_Pebble_N.uasset" 493
"../../../Bns/Content/StarterContent/Materials/M_CobbleStone_Pebble.uasset" 494
"../../../Bns/Content/StarterContent/Textures/T_CobbleStone_Rough_D.uasset" 495
"../../../Bns/Content/StarterContent/Textures/T_CobbleStone_Rough_N.uasset" 496
"../../../Bns/Content/StarterContent/Textures/T_Gradinet_01.uasset" 497
"../../../Bns/Content/StarterContent/Textures/T_Rock_Smooth_Granite_D.uasset" 498
"../../../Bns/Content/StarterContent/Materials/M_CobbleStone_Rough.uasset" 499
"../../../Bns/Content/StarterContent/Textures/T_CobbleStone_Smooth_D.uasset" 500
"../../../Bns/Content/StarterContent/Textures/T_CobbleStone_Smooth_M.uasset" 501
"../../../Bns/Content/StarterContent/Textures/T_CobbleStone_Smooth_N.uasset" 502
"../../../Bns/Content/StarterContent/Materials/M_CobbleStone_Smooth.uasset" 503
"../../../Bns/Content/StarterContent/Textures/T_Concrete_Grime_D.uasset" 504
"../../../Bns/Content/StarterContent/Textures/T_Metal_Rust_N.uasset" 505
"../../../Bns/Content/StarterContent/Materials/M_Concrete_Grime.uasset" 506
"../../../Bns/Content/StarterContent/Textures/T_Concrete_Panels_D.uasset" 507
"../../../Bns/Content/StarterContent/Textures/T_Concrete_Panels_N.uasset" 508
"../../../Bns/Content/StarterContent/Materials/M_Concrete_Panels.uasset" 509
"../../../Bns/Content/StarterContent/Textures/T_Concrete_Poured_D.uasset" 510
"../../../Bns/Content/StarterContent/Textures/T_Concrete_Poured_N.uasset" 511
"../../../Bns/Content/StarterContent/Materials/M_Concrete_Poured.uasset" 512
"../../../Bns/Content/StarterContent/Textures/T_Concrete_Tiles_D.uasset" 513
"../../../Bns/Content/StarterContent/Textures/T_Concrete_Tiles_M.uasset" 514
"../../../Bns/Content/StarterContent/Textures/T_Concrete_Tiles_N.uasset" 515
"../../../Bns/Content/StarterContent/Textures/T_Concrete_Tiles_Variation_M.uasset" 516
"../../../Bns/Content/StarterContent/Materials/M_Concrete_Tiles.uasset" 517
"../../../Bns/Content/StarterContent/Textures/T_Ground_Grass_D.uasset" 518
"../../../Bns/Content/StarterContent/Textures/T_Ground_Grass_N.uasset" 519
"../../../Bns/Content/StarterContent/Materials/M_Ground_Grass.uasset" 520
"../../../Bns/Content/StarterContent/Textures/T_Ground_Gravel_D.uasset" 521
"../../../Bns/Content/StarterContent/Textures/T_Ground_Gravel_N.uasset" 522
"../../../Bns/Content/StarterContent/Materials/M_Ground_Gravel.uasset" 523
"../../../Bns/Content/StarterContent/Textures/T_ground_Moss_D.uasset" 524
"../../../Bns/Content/StarterContent/Textures/T_Ground_Moss_N.uasset" 525
"../../../Bns/Content/StarterContent/Materials/M_Ground_Moss.uasset" 526
"../../../Bns/Content/StarterContent/Materials/M_Metal_Chrome.uasset" 527
"../../../Bns/Content/StarterContent/Textures/T_Metal_Gold_D.uasset" 528
"../../../Bns/Content/StarterContent/Materials/M_Metal_Gold.uasset" 529
"../../../Bns/Content/StarterContent/Textures/T_Metal_Rust_D.uasset" 530
"../../../Bns/Content/StarterContent/Materials/M_Metal_Rust.uasset" 531
"../../../Bns/Content/StarterContent/Textures/T_Metal_Steel_D.uasset" 532
"../../../Bns/Content/StarterContent/Textures/T_Metal_Steel_N.uasset" 533
"../../../Bns/Content/StarterContent/Materials/M_Metal_Steel.uasset" 534
"../../../Bns/Content/StarterContent/Textures/T_Rock_Basalt_N.uasset" 535
"../../../Bns/Content/StarterContent/Materials/M_Rock_Basalt.uasset" 536
"../../../Bns/Content/StarterContent/Materials/M_Rock_Marble_Polished.uasset" 537
"../../../Bns/Content/StarterContent/Textures/T_Rock_Sandstone_D.uasset" 538
"../../../Bns/Content/StarterContent/Textures/T_Rock_Sandstone_N.uasset" 539
"../../../Bns/Content/StarterContent/Materials/M_Rock_Sandstone.uasset" 540
"../../../Bns/Content/StarterContent/Textures/T_Rock_Slate_D.uasset" 541
"../../../Bns/Content/StarterContent/Textures/T_Rock_Slate_N.uasset" 542
"../../../Bns/Content/StarterContent/Materials/M_Rock_Slate.uasset" 543
"../../../Bns/Content/StarterContent/Textures/T_Single_Tile_N.uasset" 544
"../../../Bns/Content/StarterContent/Textures/T_Tech_Dot_M.uasset" 545
"../../../Bns/Content/StarterContent/Textures/T_Tech_Dot_N.uasset" 546
"../../../Bns/Content/StarterContent/Materials/M_Tech_Checker_Dot.uasset" 547
"../../../Bns/Content/StarterContent/Textures/T_Tech_Hex_Tile_M.uasset" 548
"../../../Bns/Content/StarterContent/Textures/T_Tech_Hex_Tile_N.uasset" 549
"../../../Bns/Content/StarterContent/Materials/M_Tech_Hex_Tile.uasset" 550
"../../../Bns/Content/StarterContent/Materials/M_Tech_Hex_Tile_Pulse.uasset" 551
"../../../Bns/Content/StarterContent/Textures/T_Tech_Panel_M.uasset" 552
"../../../Bns/Content/StarterContent/Textures/T_Tech_Panel_N.uasset" 553
"../../../Bns/Content/StarterContent/Materials/M_Tech_Panel.uasset" 554
"../../../Bns/Content/StarterContent/Materials/M_Water_Lake.uasset" 555
"../../../Bns/Content/StarterContent/Textures/T_Water_M.uasset" 556
"../../../Bns/Content/StarterContent/Materials/M_Water_Ocean.uasset" 557
"../../../Bns/Content/StarterContent/Textures/T_Wood_Floor_Walnut_D.uasset" 558
"../../../Bns/Content/StarterContent/Textures/T_Wood_Floor_Walnut_M.uasset" 559
"../../../Bns/Content/StarterContent/Textures/T_Wood_Floor_Walnut_N.uasset" 560
"../../../Bns/Content/StarterContent/Materials/M_Wood_Floor_Walnut_Polished.uasset" 561
"../../../Engine/Content/Functions/Engine_MaterialFunctions01/Opacity/AlphaOffset.uasset" 562
"../../../Bns/Content/StarterContent/Materials/M_Wood_Floor_Walnut_Worn.uasset" 563
"../../../Bns/Content/StarterContent/Textures/T_Wood_Oak_D.uasset" 564
"../../../Bns/Content/StarterContent/Textures/T_Wood_Oak_N.uasset" 565
"../../../Bns/Content/StarterContent/Materials/M_Wood_Oak.uasset" 566
"../../../Bns/Content/StarterContent/Textures/T_Wood_Pine_D.uasset" 567
"../../../Bns/Content/StarterContent/Textures/T_Wood_Pine_N.uasset" 568
"../../../Bns/Content/StarterContent/Materials/M_Wood_Pine.uasset" 569
"../../../Bns/Content/StarterContent/Textures/T_Wood_Walnut_D.uasset" 570
"../../../Bns/Content/StarterContent/Textures/T_Wood_Walnut_N.uasset" 571
"../../../Bns/Content/StarterContent/Materials/M_Wood_Walnut.uasset" 572
"../../../Bns/Content/StarterContent/Architecture/Wall_400x200.uasset" 573
"../../../Bns/Content/StarterContent/Architecture/Wall_Door_400x300.uasset" 574
"../../../Bns/Content/StarterContent/Architecture/Wall_Window_400x300.uasset" 575
"../../../Bns/Content/StarterContent/Audio/Collapse_Cue.uasset" 576
"../../../Bns/Content/StarterContent/Audio/Starter_Music_Cue.uasset" 577
"../../../Bns/Content/StarterContent/Textures/T_Dust_Particle_D.uasset" 578
"../../../Bns/Content/StarterContent/Particles/Materials/M_Dust_Particle.uasset" 579
"../../../Bns/Content/StarterContent/Particles/P_Ambient_Dust.uasset" 580
"../../../Bns/Content/StarterContent/Props/MaterialSphere.uasset" 581
"../../../Bns/Content/StarterContent/Textures/T_Frame_M.uasset" 582
"../../../Bns/Content/StarterContent/Textures/T_Frame_N.uasset" 583
"../../../Bns/Content/StarterContent/Props/Materials/M_Frame.uasset" 584
"../../../Bns/Content/StarterContent/Props/SM_CornerFrame.uasset" 585
"../../../Bns/Content/StarterContent/Props/SM_DoorFrame.uasset" 586
"../../../Bns/Content/StarterContent/Props/SM_GlassWindow.uasset" 587
"../../../Bns/Content/StarterContent/Props/SM_PillarFrame.uasset" 588
"../../../Bns/Content/StarterContent/Props/SM_PillarFrame300.uasset" 589
"../../../Bns/Content/StarterContent/Props/SM_WindowFrame.uasset" 590
"../../../Bns/Content/StarterContent/Shapes/Shape_Cube.uasset" 591
"../../../Bns/Content/StarterContent/Shapes/Shape_QuadPyramid.uasset" 592
"../../../Bns/Content/StarterContent/Shapes/Shape_Sphere.uasset" 593
"../../../Bns/Content/StarterContent/Maps/StarterMap.umap" 594
"../../../Bns/Content/ThirdPersonBP/Maps/ThirdPersonExampleMap_BuiltData.uasset" 595
"../../../Bns/Content/Geometry/Meshes/1M_Cube_Chamfer.uasset" 596
"../../../Bns/Content/Geometry/Meshes/TemplateFloor.uasset" 597
"../../../Bns/Content/ThirdPerson/Meshes/RampMaterial.uasset" 598
"../../../Bns/Content/ThirdPerson/Meshes/Bump_StaticMesh.uasset" 599
"../../../Bns/Content/ThirdPerson/Meshes/LeftArm_StaticMesh.uasset" 600
"../../../Bns/Content/ThirdPerson/Meshes/Linear_Stair_StaticMesh.uasset" 601
"../../../Bns/Content/ThirdPerson/Meshes/Ramp_StaticMesh.uasset" 602
"../../../Bns/Content/ThirdPerson/Meshes/RightArm_StaticMesh.uasset" 603
"../../../Bns/Content/ThirdPersonBP/Maps/ThirdPersonExampleMap.umap" 604
